[     603ms] [INFO] %cDownload the React DevTools for a better development experience: https://react.dev/link/react-devtools font-weight:bold @ http://localhost:3000/_next/static/chunks/0_wq_next_dist_0y2ivxh._.js:2431
[     632ms] [LOG] [HMR] connected @ http://localhost:3000/_next/static/chunks/0_wq_next_dist_0y2ivxh._.js:2431
[     861ms] [WARNING] THREE.Clock: This module has been deprecated. Please use THREE.Timer instead. @ http://localhost:3000/_next/static/chunks/0_wq_next_dist_0y2ivxh._.js:2431
[    3808ms] [WARNING] The resource http://localhost:3000/_next/static/media/5c285b27cdda1fe8-s.p.0yo6-5yoeeudq.woff2 was preloaded using link preload but not used within a few seconds from the window's load event. Please make sure it has an appropriate `as` value and it is preloaded intentionally. @ http://localhost:3000/:0
[    3808ms] [WARNING] The resource http://localhost:3000/_next/static/media/70bc3e132a0a741e-s.p.1409xf.ylxg8g.woff2 was preloaded using link preload but not used within a few seconds from the window's load event. Please make sure it has an appropriate `as` value and it is preloaded intentionally. @ http://localhost:3000/:0
[    3808ms] [WARNING] The resource http://localhost:3000/_next/static/media/c41ca59f1c34ba31-s.p.0xxb547n1hn74.woff2 was preloaded using link preload but not used within a few seconds from the window's load event. Please make sure it has an appropriate `as` value and it is preloaded intentionally. @ http://localhost:3000/:0
[   39944ms] [INFO] %cDownload the React DevTools for a better development experience: https://react.dev/link/react-devtools font-weight:bold @ http://localhost:3000/_next/static/chunks/0_wq_next_dist_0y2ivxh._.js:2431
[   39978ms] [LOG] [HMR] connected @ http://localhost:3000/_next/static/chunks/0_wq_next_dist_0y2ivxh._.js:2431
[   40197ms] [WARNING] THREE.Clock: This module has been deprecated. Please use THREE.Timer instead. @ http://localhost:3000/_next/static/chunks/0_wq_next_dist_0y2ivxh._.js:2431
[  557263ms] [LOG] [Fast Refresh] rebuilding @ http://localhost:3000/_next/static/chunks/0_wq_next_dist_0y2ivxh._.js:2431
[  557313ms] [LOG] [Fast Refresh] done in 15ms @ http://localhost:3000/_next/static/chunks/0_wq_next_dist_0y2ivxh._.js:2431
[  557789ms] [LOG] [Fast Refresh] rebuilding @ http://localhost:3000/_next/static/chunks/0_wq_next_dist_0y2ivxh._.js:2431
[  557835ms] [LOG] [Fast Refresh] done in 12ms @ http://localhost:3000/_next/static/chunks/0_wq_next_dist_0y2ivxh._.js:2431
[  558303ms] [LOG] [Fast Refresh] rebuilding @ http://localhost:3000/_next/static/chunks/0_wq_next_dist_0y2ivxh._.js:2431
[  558370ms] [LOG] [Fast Refresh] done in 17ms @ http://localhost:3000/_next/static/chunks/0_wq_next_dist_0y2ivxh._.js:2431
[  565563ms] [LOG] [Fast Refresh] rebuilding @ http://localhost:3000/_next/static/chunks/0_wq_next_dist_0y2ivxh._.js:2431
[  565706ms] [LOG] [Fast Refresh] done in 19ms @ http://localhost:3000/_next/static/chunks/0_wq_next_dist_0y2ivxh._.js:2431
[  577205ms] [INFO] %cDownload the React DevTools for a better development experience: https://react.dev/link/react-devtools font-weight:bold @ http://localhost:3000/_next/static/chunks/0_wq_next_dist_0y2ivxh._.js:2431
[  577230ms] [LOG] [HMR] connected @ http://localhost:3000/_next/static/chunks/0_wq_next_dist_0y2ivxh._.js:2431
[  577436ms] [WARNING] THREE.Clock: This module has been deprecated. Please use THREE.Timer instead. @ http://localhost:3000/_next/static/chunks/0_wq_next_dist_0y2ivxh._.js:2431
[  578644ms] [LOG] [Fast Refresh] rebuilding @ http://localhost:3000/_next/static/chunks/0_wq_next_dist_0y2ivxh._.js:2431
[  578682ms] [LOG] [Fast Refresh] done in 16ms @ http://localhost:3000/_next/static/chunks/0_wq_next_dist_0y2ivxh._.js:2431
[  710664ms] [LOG] [Fast Refresh] rebuilding @ http://localhost:3000/_next/static/chunks/0_wq_next_dist_0y2ivxh._.js:2431
[  710694ms] [LOG] [Fast Refresh] done in 74ms @ http://localhost:3000/_next/static/chunks/0_wq_next_dist_0y2ivxh._.js:2431
[  716423ms] [LOG] [Fast Refresh] rebuilding @ http://localhost:3000/_next/static/chunks/0_wq_next_dist_0y2ivxh._.js:2431
[  716461ms] [LOG] [Fast Refresh] done in 26ms @ http://localhost:3000/_next/static/chunks/0_wq_next_dist_0y2ivxh._.js:2431
[  744487ms] [LOG] [Fast Refresh] rebuilding @ http://localhost:3000/_next/static/chunks/0_wq_next_dist_0y2ivxh._.js:2431
[  744525ms] [LOG] [Fast Refresh] done in 29ms @ http://localhost:3000/_next/static/chunks/0_wq_next_dist_0y2ivxh._.js:2431
[  770428ms] [LOG] [Fast Refresh] rebuilding @ http://localhost:3000/_next/static/chunks/0_wq_next_dist_0y2ivxh._.js:2431
[  770788ms] [LOG] [Fast Refresh] done in 431ms @ http://localhost:3000/_next/static/chunks/0_wq_next_dist_0y2ivxh._.js:2431
[  789963ms] [LOG] [Fast Refresh] rebuilding @ http://localhost:3000/_next/static/chunks/0_wq_next_dist_0y2ivxh._.js:2431
[  789981ms] [LOG] [Fast Refresh] done in 126ms @ http://localhost:3000/_next/static/chunks/0_wq_next_dist_0y2ivxh._.js:2431
[  822099ms] [LOG] [Fast Refresh] rebuilding @ http://localhost:3000/_next/static/chunks/0_wq_next_dist_0y2ivxh._.js:2431
[  822345ms] [LOG] [Fast Refresh] done in 132ms @ http://localhost:3000/_next/static/chunks/0_wq_next_dist_0y2ivxh._.js:2431
[  822358ms] [WARNING] THREE.Clock: This module has been deprecated. Please use THREE.Timer instead. @ http://localhost:3000/_next/static/chunks/0_wq_next_dist_0y2ivxh._.js:2431
[  822902ms] [LOG] THREE.WebGLRenderer: Context Lost. @ http://localhost:3000/_next/static/chunks/0_wq_next_dist_0y2ivxh._.js:2431
[  824103ms] [LOG] [Fast Refresh] rebuilding @ http://localhost:3000/_next/static/chunks/0_wq_next_dist_0y2ivxh._.js:2431
[  824171ms] [LOG] [Fast Refresh] done in 188ms @ http://localhost:3000/_next/static/chunks/0_wq_next_dist_0y2ivxh._.js:2431
[  984628ms] [INFO] %cDownload the React DevTools for a better development experience: https://react.dev/link/react-devtools font-weight:bold @ http://localhost:3000/_next/static/chunks/0_wq_next_dist_0y2ivxh._.js:2431
[  984654ms] [LOG] [HMR] connected @ http://localhost:3000/_next/static/chunks/0_wq_next_dist_0y2ivxh._.js:2431
[  984852ms] [WARNING] THREE.Clock: This module has been deprecated. Please use THREE.Timer instead. @ http://localhost:3000/_next/static/chunks/0_wq_next_dist_0y2ivxh._.js:2431
