[     115ms] [LOG] [Fast Refresh] rebuilding @ http://localhost:3002/_next/static/chunks/0.4u_next_dist_11z6ju6._.js:2431
[     122ms] [LOG] [Fast Refresh] done in 112ms @ http://localhost:3002/_next/static/chunks/0.4u_next_dist_11z6ju6._.js:2431
[     219ms] [INFO] %cDownload the React DevTools for a better development experience: https://react.dev/link/react-devtools font-weight:bold @ http://localhost:3002/_next/static/chunks/0.4u_next_dist_11z6ju6._.js:2431
[     282ms] [LOG] [HMR] connected @ http://localhost:3002/_next/static/chunks/0.4u_next_dist_11z6ju6._.js:2431
[     495ms] [WARNING] THREE.Clock: This module has been deprecated. Please use THREE.Timer instead. @ http://localhost:3002/_next/static/chunks/0.4u_next_dist_11z6ju6._.js:2431
[    3429ms] [WARNING] The resource http://localhost:3002/_next/static/media/caa3a2e1cccd8315-s.p.16t1db8_9y2o~.woff2 was preloaded using link preload but not used within a few seconds from the window's load event. Please make sure it has an appropriate `as` value and it is preloaded intentionally. @ http://localhost:3002/:0
[    3430ms] [WARNING] The resource http://localhost:3002/_next/static/media/797e433ab948586e-s.p.0.q-h669a_dqa.woff2 was preloaded using link preload but not used within a few seconds from the window's load event. Please make sure it has an appropriate `as` value and it is preloaded intentionally. @ http://localhost:3002/:0
[  975728ms] [INFO] %cDownload the React DevTools for a better development experience: https://react.dev/link/react-devtools font-weight:bold @ http://localhost:3002/_next/static/chunks/0.4u_next_dist_11z6ju6._.js:2431
[  975789ms] [LOG] [HMR] connected @ http://localhost:3002/_next/static/chunks/0.4u_next_dist_11z6ju6._.js:2431
[  975971ms] [WARNING] THREE.Clock: This module has been deprecated. Please use THREE.Timer instead. @ http://localhost:3002/_next/static/chunks/0.4u_next_dist_11z6ju6._.js:2431
[  978905ms] [WARNING] The resource http://localhost:3002/_next/static/media/caa3a2e1cccd8315-s.p.16t1db8_9y2o~.woff2 was preloaded using link preload but not used within a few seconds from the window's load event. Please make sure it has an appropriate `as` value and it is preloaded intentionally. @ http://localhost:3002/#features:0
[  978905ms] [WARNING] The resource http://localhost:3002/_next/static/media/797e433ab948586e-s.p.0.q-h669a_dqa.woff2 was preloaded using link preload but not used within a few seconds from the window's load event. Please make sure it has an appropriate `as` value and it is preloaded intentionally. @ http://localhost:3002/#features:0
[ 1036858ms] [LOG] [Fast Refresh] rebuilding @ http://localhost:3002/_next/static/chunks/0.4u_next_dist_11z6ju6._.js:2431
[ 1036930ms] [LOG] [Fast Refresh] done in 173ms @ http://localhost:3002/_next/static/chunks/0.4u_next_dist_11z6ju6._.js:2431
[ 1366730ms] [LOG] [Fast Refresh] rebuilding @ http://localhost:3002/_next/static/chunks/0.4u_next_dist_11z6ju6._.js:2431
[ 1366937ms] [LOG] [Fast Refresh] done in 142ms @ http://localhost:3002/_next/static/chunks/0.4u_next_dist_11z6ju6._.js:2431
[ 1367752ms] [LOG] [Fast Refresh] rebuilding @ http://localhost:3002/_next/static/chunks/0.4u_next_dist_11z6ju6._.js:2431
[ 1367882ms] [LOG] [Fast Refresh] done in 75ms @ http://localhost:3002/_next/static/chunks/0.4u_next_dist_11z6ju6._.js:2431
[ 1370014ms] [LOG] [Fast Refresh] rebuilding @ http://localhost:3002/_next/static/chunks/0.4u_next_dist_11z6ju6._.js:2431
[ 1370143ms] [LOG] [Fast Refresh] done in 67ms @ http://localhost:3002/_next/static/chunks/0.4u_next_dist_11z6ju6._.js:2431
[ 1372141ms] [LOG] [Fast Refresh] rebuilding @ http://localhost:3002/_next/static/chunks/0.4u_next_dist_11z6ju6._.js:2431
[ 1372284ms] [LOG] [Fast Refresh] done in 77ms @ http://localhost:3002/_next/static/chunks/0.4u_next_dist_11z6ju6._.js:2431
[ 1373661ms] [LOG] [Fast Refresh] rebuilding @ http://localhost:3002/_next/static/chunks/0.4u_next_dist_11z6ju6._.js:2431
[ 1373789ms] [LOG] [Fast Refresh] done in 68ms @ http://localhost:3002/_next/static/chunks/0.4u_next_dist_11z6ju6._.js:2431
[ 1374774ms] [LOG] [Fast Refresh] rebuilding @ http://localhost:3002/_next/static/chunks/0.4u_next_dist_11z6ju6._.js:2431
[ 1374901ms] [LOG] [Fast Refresh] done in 65ms @ http://localhost:3002/_next/static/chunks/0.4u_next_dist_11z6ju6._.js:2431
[ 1402734ms] [LOG] [Fast Refresh] rebuilding @ http://localhost:3002/_next/static/chunks/0.4u_next_dist_11z6ju6._.js:2431
[ 1402867ms] [LOG] [Fast Refresh] done in 51ms @ http://localhost:3002/_next/static/chunks/0.4u_next_dist_11z6ju6._.js:2431
[ 1403998ms] [LOG] [Fast Refresh] rebuilding @ http://localhost:3002/_next/static/chunks/0.4u_next_dist_11z6ju6._.js:2431
[ 1404129ms] [LOG] [Fast Refresh] done in 75ms @ http://localhost:3002/_next/static/chunks/0.4u_next_dist_11z6ju6._.js:2431
[ 1406252ms] [LOG] [Fast Refresh] rebuilding @ http://localhost:3002/_next/static/chunks/0.4u_next_dist_11z6ju6._.js:2431
[ 1406382ms] [LOG] [Fast Refresh] done in 64ms @ http://localhost:3002/_next/static/chunks/0.4u_next_dist_11z6ju6._.js:2431
[ 1409902ms] [LOG] [Fast Refresh] rebuilding @ http://localhost:3002/_next/static/chunks/0.4u_next_dist_11z6ju6._.js:2431
[ 1410037ms] [LOG] [Fast Refresh] done in 70ms @ http://localhost:3002/_next/static/chunks/0.4u_next_dist_11z6ju6._.js:2431
[ 1418378ms] [LOG] [Fast Refresh] rebuilding @ http://localhost:3002/_next/static/chunks/0.4u_next_dist_11z6ju6._.js:2431
[ 1418509ms] [LOG] [Fast Refresh] done in 59ms @ http://localhost:3002/_next/static/chunks/0.4u_next_dist_11z6ju6._.js:2431
[ 1420639ms] [LOG] [Fast Refresh] rebuilding @ http://localhost:3002/_next/static/chunks/0.4u_next_dist_11z6ju6._.js:2431
[ 1420772ms] [LOG] [Fast Refresh] done in 55ms @ http://localhost:3002/_next/static/chunks/0.4u_next_dist_11z6ju6._.js:2431
[ 1423231ms] [LOG] [Fast Refresh] rebuilding @ http://localhost:3002/_next/static/chunks/0.4u_next_dist_11z6ju6._.js:2431
[ 1423364ms] [LOG] [Fast Refresh] done in 49ms @ http://localhost:3002/_next/static/chunks/0.4u_next_dist_11z6ju6._.js:2431
[ 1424288ms] [LOG] [Fast Refresh] rebuilding @ http://localhost:3002/_next/static/chunks/0.4u_next_dist_11z6ju6._.js:2431
[ 1424416ms] [LOG] [Fast Refresh] done in 74ms @ http://localhost:3002/_next/static/chunks/0.4u_next_dist_11z6ju6._.js:2431
[ 1425417ms] [LOG] [Fast Refresh] rebuilding @ http://localhost:3002/_next/static/chunks/0.4u_next_dist_11z6ju6._.js:2431
[ 1425545ms] [LOG] [Fast Refresh] done in 57ms @ http://localhost:3002/_next/static/chunks/0.4u_next_dist_11z6ju6._.js:2431
[ 1426850ms] [LOG] [Fast Refresh] rebuilding @ http://localhost:3002/_next/static/chunks/0.4u_next_dist_11z6ju6._.js:2431
[ 1427008ms] [LOG] [Fast Refresh] done in 58ms @ http://localhost:3002/_next/static/chunks/0.4u_next_dist_11z6ju6._.js:2431
[ 1432474ms] [LOG] [Fast Refresh] rebuilding @ http://localhost:3002/_next/static/chunks/0.4u_next_dist_11z6ju6._.js:2431
[ 1432605ms] [LOG] [Fast Refresh] done in 56ms @ http://localhost:3002/_next/static/chunks/0.4u_next_dist_11z6ju6._.js:2431
[ 1434270ms] [LOG] [Fast Refresh] rebuilding @ http://localhost:3002/_next/static/chunks/0.4u_next_dist_11z6ju6._.js:2431
[ 1434407ms] [LOG] [Fast Refresh] done in 52ms @ http://localhost:3002/_next/static/chunks/0.4u_next_dist_11z6ju6._.js:2431
[ 1435974ms] [LOG] [Fast Refresh] rebuilding @ http://localhost:3002/_next/static/chunks/0.4u_next_dist_11z6ju6._.js:2431
[ 1436100ms] [LOG] [Fast Refresh] done in 53ms @ http://localhost:3002/_next/static/chunks/0.4u_next_dist_11z6ju6._.js:2431
[ 1438282ms] [LOG] [Fast Refresh] rebuilding @ http://localhost:3002/_next/static/chunks/0.4u_next_dist_11z6ju6._.js:2431
[ 1438403ms] [LOG] [Fast Refresh] done in 53ms @ http://localhost:3002/_next/static/chunks/0.4u_next_dist_11z6ju6._.js:2431
[ 1439969ms] [LOG] [Fast Refresh] rebuilding @ http://localhost:3002/_next/static/chunks/0.4u_next_dist_11z6ju6._.js:2431
[ 1440091ms] [LOG] [Fast Refresh] done in 79ms @ http://localhost:3002/_next/static/chunks/0.4u_next_dist_11z6ju6._.js:2431
[ 1440810ms] [LOG] [Fast Refresh] rebuilding @ http://localhost:3002/_next/static/chunks/0.4u_next_dist_11z6ju6._.js:2431
[ 1440936ms] [LOG] [Fast Refresh] done in 70ms @ http://localhost:3002/_next/static/chunks/0.4u_next_dist_11z6ju6._.js:2431
[ 1564937ms] [LOG] [Fast Refresh] rebuilding @ http://localhost:3002/_next/static/chunks/0.4u_next_dist_11z6ju6._.js:2431
[ 1565084ms] [LOG] [Fast Refresh] done in 68ms @ http://localhost:3002/_next/static/chunks/0.4u_next_dist_11z6ju6._.js:2431
[ 1566020ms] [LOG] [Fast Refresh] rebuilding @ http://localhost:3002/_next/static/chunks/0.4u_next_dist_11z6ju6._.js:2431
[ 1566145ms] [LOG] [Fast Refresh] done in 66ms @ http://localhost:3002/_next/static/chunks/0.4u_next_dist_11z6ju6._.js:2431
[ 1636694ms] [LOG] [Fast Refresh] rebuilding @ http://localhost:3002/_next/static/chunks/0.4u_next_dist_11z6ju6._.js:2431
[ 1636713ms] [LOG] [Fast Refresh] done in 123ms @ http://localhost:3002/_next/static/chunks/0.4u_next_dist_11z6ju6._.js:2431
[ 1636794ms] [INFO] %cDownload the React DevTools for a better development experience: https://react.dev/link/react-devtools font-weight:bold @ http://localhost:3002/_next/static/chunks/0.4u_next_dist_11z6ju6._.js:2431
[ 1636855ms] [LOG] [HMR] connected @ http://localhost:3002/_next/static/chunks/0.4u_next_dist_11z6ju6._.js:2431
[ 1637020ms] [WARNING] THREE.Clock: This module has been deprecated. Please use THREE.Timer instead. @ http://localhost:3002/_next/static/chunks/0.4u_next_dist_11z6ju6._.js:2431
[ 1685823ms] [LOG] [Fast Refresh] rebuilding @ http://localhost:3002/_next/static/chunks/0.4u_next_dist_11z6ju6._.js:2431
[ 1685978ms] [LOG] [Fast Refresh] done in 66ms @ http://localhost:3002/_next/static/chunks/0.4u_next_dist_11z6ju6._.js:2431
[ 1749613ms] [LOG] [Fast Refresh] rebuilding @ http://localhost:3002/_next/static/chunks/0.4u_next_dist_11z6ju6._.js:2431
[ 1749677ms] [LOG] [Fast Refresh] done in 91ms @ http://localhost:3002/_next/static/chunks/0.4u_next_dist_11z6ju6._.js:2431
[ 1751216ms] [LOG] [Fast Refresh] rebuilding @ http://localhost:3002/_next/static/chunks/0.4u_next_dist_11z6ju6._.js:2431
[ 1751366ms] [LOG] [Fast Refresh] done in 79ms @ http://localhost:3002/_next/static/chunks/0.4u_next_dist_11z6ju6._.js:2431
[ 1752651ms] [LOG] [Fast Refresh] rebuilding @ http://localhost:3002/_next/static/chunks/0.4u_next_dist_11z6ju6._.js:2431
[ 1752780ms] [LOG] [Fast Refresh] done in 52ms @ http://localhost:3002/_next/static/chunks/0.4u_next_dist_11z6ju6._.js:2431
[ 1754080ms] [LOG] [Fast Refresh] rebuilding @ http://localhost:3002/_next/static/chunks/0.4u_next_dist_11z6ju6._.js:2431
[ 1754202ms] [LOG] [Fast Refresh] done in 48ms @ http://localhost:3002/_next/static/chunks/0.4u_next_dist_11z6ju6._.js:2431
[ 1754556ms] [LOG] [Fast Refresh] rebuilding @ http://localhost:3002/_next/static/chunks/0.4u_next_dist_11z6ju6._.js:2431
[ 1754679ms] [LOG] [Fast Refresh] done in 66ms @ http://localhost:3002/_next/static/chunks/0.4u_next_dist_11z6ju6._.js:2431
[ 1755650ms] [LOG] [Fast Refresh] rebuilding @ http://localhost:3002/_next/static/chunks/0.4u_next_dist_11z6ju6._.js:2431
[ 1755775ms] [LOG] [Fast Refresh] done in 79ms @ http://localhost:3002/_next/static/chunks/0.4u_next_dist_11z6ju6._.js:2431
[ 1761693ms] [LOG] [Fast Refresh] rebuilding @ http://localhost:3002/_next/static/chunks/0.4u_next_dist_11z6ju6._.js:2431
[ 1761815ms] [LOG] [Fast Refresh] done in 54ms @ http://localhost:3002/_next/static/chunks/0.4u_next_dist_11z6ju6._.js:2431
[ 1762737ms] [LOG] [Fast Refresh] rebuilding @ http://localhost:3002/_next/static/chunks/0.4u_next_dist_11z6ju6._.js:2431
[ 1762865ms] [LOG] [Fast Refresh] done in 50ms @ http://localhost:3002/_next/static/chunks/0.4u_next_dist_11z6ju6._.js:2431
[ 1763853ms] [LOG] [Fast Refresh] rebuilding @ http://localhost:3002/_next/static/chunks/0.4u_next_dist_11z6ju6._.js:2431
[ 1764022ms] [LOG] [Fast Refresh] done in 62ms @ http://localhost:3002/_next/static/chunks/0.4u_next_dist_11z6ju6._.js:2431
[ 1764397ms] [LOG] [Fast Refresh] rebuilding @ http://localhost:3002/_next/static/chunks/0.4u_next_dist_11z6ju6._.js:2431
[ 1764525ms] [LOG] [Fast Refresh] done in 53ms @ http://localhost:3002/_next/static/chunks/0.4u_next_dist_11z6ju6._.js:2431
[ 1765478ms] [LOG] [Fast Refresh] rebuilding @ http://localhost:3002/_next/static/chunks/0.4u_next_dist_11z6ju6._.js:2431
[ 1765605ms] [LOG] [Fast Refresh] done in 52ms @ http://localhost:3002/_next/static/chunks/0.4u_next_dist_11z6ju6._.js:2431
[ 1770462ms] [LOG] [Fast Refresh] rebuilding @ http://localhost:3002/_next/static/chunks/0.4u_next_dist_11z6ju6._.js:2431
[ 1770592ms] [LOG] [Fast Refresh] done in 50ms @ http://localhost:3002/_next/static/chunks/0.4u_next_dist_11z6ju6._.js:2431
[ 1771442ms] [LOG] [Fast Refresh] rebuilding @ http://localhost:3002/_next/static/chunks/0.4u_next_dist_11z6ju6._.js:2431
[ 1771564ms] [LOG] [Fast Refresh] done in 47ms @ http://localhost:3002/_next/static/chunks/0.4u_next_dist_11z6ju6._.js:2431
[ 1772047ms] [LOG] [Fast Refresh] rebuilding @ http://localhost:3002/_next/static/chunks/0.4u_next_dist_11z6ju6._.js:2431
[ 1772179ms] [LOG] [Fast Refresh] done in 48ms @ http://localhost:3002/_next/static/chunks/0.4u_next_dist_11z6ju6._.js:2431
[ 1776266ms] [LOG] [Fast Refresh] rebuilding @ http://localhost:3002/_next/static/chunks/0.4u_next_dist_11z6ju6._.js:2431
[ 1776388ms] [LOG] [Fast Refresh] done in 47ms @ http://localhost:3002/_next/static/chunks/0.4u_next_dist_11z6ju6._.js:2431
[ 1777394ms] [LOG] [Fast Refresh] rebuilding @ http://localhost:3002/_next/static/chunks/0.4u_next_dist_11z6ju6._.js:2431
[ 1777539ms] [LOG] [Fast Refresh] done in 52ms @ http://localhost:3002/_next/static/chunks/0.4u_next_dist_11z6ju6._.js:2431
